<?xml version="1.0" encoding="UTF-8"?>
<!-- Generated by org.testng.reporters.JUnitReportReporter -->
<testsuite hostname="Dinesh" failures="1" tests="4" name="parallel.RunCucumberTest" time="177.310" errors="0" timestamp="2021-03-09T09:25:11 IST" skipped="0">
  <testcase classname="parallel.RunCucumberTest" name="runScenario" time="37.754"/>
  <system-out/>
  <testcase classname="parallel.RunCucumberTest" name="runScenario" time="49.323">
    <failure message="expected:&lt;Sign i[n] - Google Accounts&gt; but was:&lt;Sign i[0] - Google Accounts&gt;" type="org.junit.ComparisonFailure">
      <![CDATA[org.junit.ComparisonFailure: expected:<Sign i[n] - Google Accounts> but was:<Sign i[0] - Google Accounts>
at org.junit.Assert.assertEquals(Assert.java:117)
at org.junit.Assert.assertEquals(Assert.java:146)
at parallel.LoginandLogout_2StepDefs.the_user_validates_the_title_of_the_page(LoginandLogout_2StepDefs.java:64)
at âœ½.the user validates the Title of the page in(file:///C:/Users/Dines/EcliWrkSp/New/Practice4Automation_Cucumber/src/test/resources/parallel/SearchingTheTest2.feature:14)
]]>
    </failure>
  </testcase> <!-- runScenario -->
  <system-out/>
  <testcase classname="parallel.RunCucumberTest" name="runScenario" time="39.301"/>
  <system-out/>
  <testcase classname="parallel.RunCucumberTest" name="runScenario" time="50.932"/>
  <system-out/>
</testsuite> <!-- parallel.RunCucumberTest -->
